Arguments: 
  /usr/local/bin/node /usr/local/Cellar/yarn/1.10.1/libexec/bin/yarn.js add --dev babel-jest babel-core@^7.0.0-bridge.0 @babel/core regenerator-runtime

PATH: 
  /Users/Gavin/anaconda/bin:/Library/Frameworks/Python.framework/Versions/3.5/bin:/usr/local/bin:/usr/bin:/bin:/usr/sbin:/sbin:/usr/local/share/dotnet:/opt/X11/bin:/Library/Frameworks/Mono.framework/Versions/Current/Commands:/Applications/Xamarin Workbooks.app/Contents/SharedSupport/path-bin:/Users/Gavin/anaconda/bin:/Library/Frameworks/Python.framework/Versions/3.5/bin

Yarn version: 
  1.10.1

Node version: 
  10.11.0

Platform: 
  darwin x64

Trace: 
  Error: EACCES: permission denied, mkdir '/Users/Gavin/Desktop/Apps/TestReactNative2/node_modules/@babel/register/node_modules/find-cache-dir'

npm manifest: 
  {
    "name": "empty-project-template",
    "main": "node_modules/expo/AppEntry.js",
    "private": true,
    "scripts": {
      "start": "expo start",
      "android": "expo start --android",
      "ios": "expo start --ios",
      "eject": "expo eject",
      "test": "node_modules/.bin/jest"
    },
    "jest": {
      "preset": "jest-expo"
    },
    "dependencies": {
      "eslint": "^5.12.1",
      "eslint-plugin-react-native": "^3.6.0",
      "expo": "^30.0.1",
      "expo-camera": "^2.0.0",
      "opts": "^1.2.6",
      "react": "^16.7.0",
      "react-native": "https://github.com/expo/react-native/archive/sdk-30.0.0.tar.gz",
      "react-native-web": "^0.10.0-alpha.3",
      "react-navigation": "^2.18.0",
      "react-navigation-header-buttons": "^2.1.0",
      "tracking": "^1.1.3"
    },
    "devDependencies": {
      "@babel/core": "^7.2.2",
      "@babel/preset-env": "^7.3.1",
      "babel-core": "^7.0.0-bridge.0",
      "babel-jest": "^23.6.0",
      "babel-loader": "^8.0.5",
      "babel-plugin-transform-object-rest-spread": "^6.26.0",
      "babel-preset-expo": "^5.0.0",
      "flow-bin": "^0.91.0",
      "gulp-html-replace": "^1.6.2",
      "gulp-inline-source": "^4.0.0",
      "html-webpack-inline-source-plugin": "0.0.10",
      "html-webpack-plugin": "^3.2.0",
      "jest": "^23.6.0",
      "jest-expo": "^30.0.0",
      "react-native-scripts": "^2.0.1",
      "react-test-renderer": "^16.2.0",
      "webpack": "^4.29.0"
    },
    "resolutions": {
      "babel-core": "^7.0.0-bridge"
    }
  }

yarn manifest: 
  No manifest

Lockfile: 
  No lockfile
